<?xml version="1.0" encoding="UTF-8"?>
<!-- Generated by org.testng.reporters.JUnitReportReporter -->
<testsuite hostname="DELL-PC" failures="0" tests="1" name="com.mavenproject.testCases.TC_AddCustomerTest_003" time="28.119" errors="0" timestamp="20 Oct 2022 07:59:57 GMT" skipped="0">
  <testcase classname="com.mavenproject.testCases.TC_AddCustomerTest_003" name="addNewCustomer" time="28.119"/>
</testsuite> <!-- com.mavenproject.testCases.TC_AddCustomerTest_003 -->
