<?xml version="1.0" encoding="UTF-8"?>
<!-- Generated by org.testng.reporters.JUnitReportReporter -->
<testsuite hostname="DELL-PC" failures="0" tests="4" name="com.mavenproject.testCases.TC_LoginDDT_002" time="64.870" errors="0" timestamp="20 Oct 2022 07:59:57 GMT" skipped="0">
  <testcase classname="com.mavenproject.testCases.TC_LoginDDT_002" name="loginTest" time="13.600"/>
  <testcase classname="com.mavenproject.testCases.TC_LoginDDT_002" name="loginTest" time="13.337"/>
  <testcase classname="com.mavenproject.testCases.TC_LoginDDT_002" name="loginTest" time="15.866"/>
  <testcase classname="com.mavenproject.testCases.TC_LoginDDT_002" name="loginTest" time="22.067"/>
</testsuite> <!-- com.mavenproject.testCases.TC_LoginDDT_002 -->
