<?xml version="1.0" encoding="UTF-8"?>
<!-- Generated by org.testng.reporters.JUnitReportReporter -->
<testsuite hostname="DELL-PC" failures="0" tests="1" name="com.mavenproject.testCases.TC_LoginTest_001" time="16.187" errors="0" timestamp="20 Oct 2022 10:59:54 GMT" skipped="0">
  <testcase classname="com.mavenproject.testCases.TC_LoginTest_001" name="loginTest" time="16.187"/>
</testsuite> <!-- com.mavenproject.testCases.TC_LoginTest_001 -->
