<?xml version="1.0" encoding="UTF-8"?>
<!-- Generated by org.testng.reporters.JUnitReportReporter -->
<testsuite hostname="DELL-PC" failures="0" tests="4" name="com.mavenproject.testCases.TC_LoginDDT_002" time="48.411" errors="0" timestamp="20 Oct 2022 10:59:54 GMT" skipped="0">
  <testcase classname="com.mavenproject.testCases.TC_LoginDDT_002" name="loginTest" time="11.378"/>
  <testcase classname="com.mavenproject.testCases.TC_LoginDDT_002" name="loginTest" time="11.752"/>
  <testcase classname="com.mavenproject.testCases.TC_LoginDDT_002" name="loginTest" time="13.333"/>
  <testcase classname="com.mavenproject.testCases.TC_LoginDDT_002" name="loginTest" time="11.948"/>
</testsuite> <!-- com.mavenproject.testCases.TC_LoginDDT_002 -->
